<?xml version="1.0" encoding="UTF-8"?>
<!-- Generated by org.testng.reporters.JUnitXMLReporter -->
<testsuite ignored="0" hostname="DESKTOP-OIBG8HT" failures="2" tests="2" name="zumicTest" time="73.735" errors="0" timestamp="2023-10-10T11:43:09 IST">
  <testcase classname="testCases.TC_0001_Register" name="testRegistration" time="16.811">
    <failure type="java.lang.AssertionError" message="null">
      <![CDATA[java.lang.AssertionError: null
at testCases.TC_0001_Register.testRegistration(TC_0001_Register.java:36)
at java.base/java.util.ArrayList.forEach(ArrayList.java:1511)
... Removed 29 stack frames]]>
    </failure>
  </testcase> <!-- testRegistration -->
  <testcase classname="testCases.TC_0002_Login" name="testLogin" time="14.43">
    <failure type="java.lang.AssertionError" message="null">
      <![CDATA[java.lang.AssertionError: null
at testCases.TC_0002_Login.testLogin(TC_0002_Login.java:38)
at java.base/java.util.ArrayList.forEach(ArrayList.java:1511)
... Removed 29 stack frames]]>
    </failure>
  </testcase> <!-- testLogin -->
</testsuite> <!-- zumicTest -->
