<?xml version="1.0" encoding="UTF-8"?>
<!-- Generated by org.testng.reporters.JUnitXMLReporter -->
<testsuite ignored="1" hostname="DESKTOP-OIBG8HT" failures="1" tests="1" name="zumicTest" time="15.07" errors="0" timestamp="2023-07-21T01:57:52 IST">
  <testcase classname="testCases.TC_0002_Login" name="testLogin" time="3.098">
    <failure type="java.lang.AssertionError" message="null">
      <![CDATA[java.lang.AssertionError: null
at testCases.TC_0002_Login.testLogin(TC_0002_Login.java:39)
at java.base/java.util.ArrayList.forEach(ArrayList.java:1511)
... Removed 29 stack frames]]>
    </failure>
  </testcase> <!-- testLogin -->
  <testcase classname="testCases.TC_0001_Register" name="testRegistration" time="0.0">
    <ignored/>
  </testcase> <!-- testRegistration -->
</testsuite> <!-- zumicTest -->
